<?xml version="1.0" encoding="UTF-8"?>
<!-- Generated by org.testng.reporters.JUnitReportReporter -->
<testsuite hostname="Muthukumar" failures="0" tests="2" name="paralleltest" time="7.468" errors="0" timestamp="2023-10-18T13:56:10 IST" skipped="0">
  <testcase classname="paralleltest" name="ChromeTest" time="2.918"/>
  <system-out/>
  <testcase classname="paralleltest" name="EdgeTest" time="4.550"/>
  <system-out/>
</testsuite> <!-- paralleltest -->
