<?xml version="1.0" encoding="UTF-8"?>
<!-- Generated by org.testng.reporters.JUnitReportReporter -->
<testsuite hostname="Muthukumar" failures="0" tests="2" name="ChromeTest" time="3.927" errors="0" timestamp="2023-10-18T14:51:29 IST" skipped="0">
  <testcase classname="ChromeTest" name="f" time="0.438"/>
  <system-out/>
  <testcase classname="ChromeTest" name="f" time="3.489"/>
  <system-out/>
</testsuite> <!-- ChromeTest -->
