<?xml version="1.0" encoding="UTF-8"?>
<!-- Generated by org.testng.reporters.JUnitReportReporter -->
<testsuite hostname="Muthukumar" failures="0" tests="4" name="sameTestMultiTimes" time="12.044" errors="0" timestamp="2023-10-18T14:58:08 IST" skipped="0">
  <testcase classname="sameTestMultiTimes" name="f" time="3.404"/>
  <system-out/>
  <testcase classname="sameTestMultiTimes" name="f" time="1.817"/>
  <system-out/>
  <testcase classname="sameTestMultiTimes" name="f" time="2.862"/>
  <system-out/>
  <testcase classname="sameTestMultiTimes" name="f" time="3.961"/>
  <system-out/>
</testsuite> <!-- sameTestMultiTimes -->
