<?xml version="1.0" encoding="UTF-8"?>
<!-- Generated by org.testng.reporters.JUnitReportReporter -->
<testsuite hostname="Muthukumar" failures="0" tests="1" name="EdgeTest" time="0.535" errors="0" timestamp="2023-10-18T14:45:54 IST" skipped="0">
  <testcase classname="EdgeTest" name="f" time="0.535"/>
  <system-out/>
</testsuite> <!-- EdgeTest -->
