<?xml version="1.0" encoding="UTF-8"?>
<!-- Generated by org.testng.reporters.JUnitReportReporter -->
<testsuite hostname="Muthukumar" failures="0" tests="3" name="com.crm.qa.testcases.LoginPageTest" time="12.987" errors="0" timestamp="2023-11-21T13:20:09 IST" skipped="0">
  <testcase classname="com.crm.qa.testcases.LoginPageTest" name="LoginPageTitleTest" time="3.760"/>
  <system-out/>
  <testcase classname="com.crm.qa.testcases.LoginPageTest" name="LogoTest" time="4.652"/>
  <system-out/>
  <testcase classname="com.crm.qa.testcases.LoginPageTest" name="LoginTest" time="4.575"/>
  <system-out/>
</testsuite> <!-- com.crm.qa.testcases.LoginPageTest -->
