<?xml version="1.0" encoding="UTF-8"?>
<!-- Generated by org.testng.reporters.JUnitReportReporter -->
<testsuite hostname="Muthukumar" failures="0" tests="3" name="com.crm.qa.testcases.LoginSuccessPageTest" time="13.922" errors="0" timestamp="2023-11-21T13:20:09 IST" skipped="0">
  <testcase classname="com.crm.qa.testcases.LoginSuccessPageTest" name="verifyTitleTest" time="4.438"/>
  <system-out/>
  <testcase classname="com.crm.qa.testcases.LoginSuccessPageTest" name="verifyHeaderTest" time="4.516"/>
  <system-out/>
  <testcase classname="com.crm.qa.testcases.LoginSuccessPageTest" name="logoutTest" time="4.968"/>
  <system-out/>
</testsuite> <!-- com.crm.qa.testcases.LoginSuccessPageTest -->
