<?xml version="1.0" encoding="UTF-8"?>
<!-- Generated by org.testng.reporters.JUnitReportReporter -->
<testsuite hostname="Muthukumar" failures="0" tests="1" name="testUtils.testIncognito" time="7.797" errors="0" timestamp="2023-11-09T13:26:57 IST" skipped="0">
  <testcase classname="testUtils.testIncognito" name="Chromeincognito" time="7.797"/>
  <system-out/>
</testsuite> <!-- testUtils.testIncognito -->
