<?xml version="1.0" encoding="UTF-8"?>
<!-- Generated by org.testng.reporters.JUnitReportReporter -->
<testsuite hostname="Muthukumar" failures="0" tests="1" name="testUtils.ReadExcel" time="0.646" errors="0" timestamp="2023-11-03T14:20:20 IST" skipped="0">
  <testcase classname="testUtils.ReadExcel" name="readExcel" time="0.646"/>
  <system-out/>
</testsuite> <!-- testUtils.ReadExcel -->
